2024-10-17 03:48:14-root-DEBUG-This is a debug message
2024-10-17 03:48:14-root-INFO-This is an info message
2024-10-17 03:48:14-root-WARNING-This is a warning message
2024-10-17 03:48:14-root-ERROR-This is an error message
2024-10-17 03:48:14-root-CRITICAL-This is a critical message
2024-10-17 03:50:40-module1-DEBUG-This is debug message for module1
2024-10-17 03:50:40-module2-WARNING-This is a warning message for module 2
2024-10-17 03:50:40-module2-ERROR-This is an error message
2024-10-17 03:50:51-module1-DEBUG-This is a debug message from module1.
2024-10-17 03:50:51-module1-INFO-This is an info message from module1.
2024-10-17 03:50:51-module1-WARNING-This is a warning message from module1.
2024-10-17 03:50:51-module2-WARNING-This is a warning message from module2.
2024-10-17 03:50:51-module2-ERROR-This is an error message from module2.
2024-10-17 03:50:51-module2-CRITICAL-This is a critical message from module2.
2024-10-17 03:51:10-module1-DEBUG-This is a debug message from module1.
2024-10-17 03:51:10-module1-INFO-This is an info message from module1.
2024-10-17 03:51:10-module1-WARNING-This is a warning message from module1.
2024-10-17 03:51:10-module2-WARNING-This is a warning message from module2.
2024-10-17 03:51:10-module2-ERROR-This is an error message from module2.
2024-10-17 03:51:10-module2-CRITICAL-This is a critical message from module2.
